PRT1
90
202
4 0 8 (1280 -528 512 ) (1280 -528 528 ) (704 -528 528 ) (704 -528 512 ) 
4 0 2 (704 -336 512 ) (704 -528 512 ) (704 -528 528 ) (704 -336 528 ) 
4 0 1 (704 0 528 ) (704 0 512 ) (704 -272 512 ) (704 -272 528 ) 
4 1 31 (640 0 528 ) (640 0 512 ) (640 -272 512 ) (640 -272 528 ) 
4 2 44 (640 -528 512 ) (640 -528 528 ) (640 -512 528 ) (640 -512 512 ) 
4 2 31 (640 -512 528 ) (640 -336 528 ) (640 -336 512 ) (640 -512 512 ) 
4 2 8 (640 -528 528 ) (640 -528 512 ) (704 -528 512 ) (704 -528 528 ) 
4 3 35 (640 -16 256 ) (640 -272 256 ) (640 -272 512 ) (640 -16 512 ) 
4 3 4 (704 -272 256 ) (1264 -272 256 ) (1264 -272 512 ) (704 -272 512 ) 
4 4 9 (1264 -528 512 ) (704 -528 512 ) (704 -528 256 ) (1264 -528 256 ) 
4 4 5 (704 -336 256 ) (704 -528 256 ) (704 -528 512 ) (704 -336 512 ) 
4 5 45 (640 -512 256 ) (640 -528 256 ) (640 -528 512 ) (640 -512 512 ) 
4 5 39 (640 -336 256 ) (640 -512 256 ) (640 -512 512 ) (640 -336 512 ) 
4 5 25 (640 -528 384 ) (640 -528 256 ) (704 -528 256 ) (704 -528 384 ) 
4 5 24 (704 -528 512 ) (640 -528 512 ) (640 -528 384 ) (704 -528 384 ) 
4 5 7 (688 -528 256 ) (640 -528 256 ) (640 -336 256 ) (688 -336 256 ) 
4 6 37 (640 -80 16 ) (640 -272 16 ) (640 -272 240 ) (640 -80 240 ) 
4 7 47 (640 -528 16 ) (640 -528 240 ) (640 -512 240 ) (640 -512 16 ) 
4 7 46 (640 -528 240 ) (640 -528 256 ) (640 -512 256 ) (640 -512 240 ) 
4 7 39 (640 -512 256 ) (640 -336 256 ) (640 -336 16 ) (640 -512 16 ) 
4 7 26 (688 -528 256 ) (640 -528 256 ) (640 -528 16 ) (688 -528 16 ) 
4 8 49 (1280 -1040 512 ) (1280 -1040 528 ) (640 -1040 528 ) (640 -1040 512 ) 
4 8 44 (640 -1040 512 ) (640 -1040 528 ) (640 -528 528 ) (640 -528 512 ) 
4 9 25 (704 -528 384 ) (704 -528 256 ) (704 -576 256 ) (704 -576 384 ) 
4 9 24 (704 -608 512 ) (704 -528 512 ) (704 -528 384 ) (704 -608 384 ) 
4 9 19 (1264 -608 240 ) (1264 -608 272 ) (704 -608 272 ) (704 -608 240 ) 
4 9 14 (1264 -608 272 ) (1264 -608 512 ) (1248 -608 512 ) (1248 -608 272 ) 
4 9 18 (1248 -608 512 ) (704 -608 512 ) (704 -608 272 ) (1248 -608 272 ) 
4 9 10 (704 -560 240 ) (704 -544 240 ) (1264 -544 240 ) (1264 -560 240 ) 
4 9 11 (1264 -608 240 ) (704 -608 240 ) (704 -560 240 ) (1264 -560 240 ) 
4 10 11 (1264 -560 224 ) (1264 -560 240 ) (704 -560 240 ) (704 -560 224 ) 
4 11 19 (1264 -608 208 ) (1264 -608 240 ) (704 -608 240 ) (704 -608 208 ) 
4 11 12 (704 -608 208 ) (704 -576 208 ) (1264 -576 208 ) (1264 -608 208 ) 
4 12 19 (1264 -608 192 ) (1264 -608 208 ) (704 -608 208 ) (704 -608 192 ) 
4 12 13 (1264 -608 192 ) (704 -608 192 ) (704 -592 192 ) (1264 -592 192 ) 
4 13 19 (1264 -608 176 ) (1264 -608 192 ) (704 -608 192 ) (704 -608 176 ) 
4 14 21 (1248 -816 272 ) (1248 -640 272 ) (1264 -640 272 ) (1264 -816 272 ) 
4 14 19 (1248 -640 272 ) (1248 -608 272 ) (1264 -608 272 ) (1264 -640 272 ) 
4 14 17 (1248 -816 272 ) (1264 -816 272 ) (1264 -816 304 ) (1248 -816 304 ) 
4 14 16 (1264 -816 368 ) (1264 -816 400 ) (1248 -816 400 ) (1248 -816 368 ) 
4 14 15 (1264 -816 400 ) (1264 -816 512 ) (1248 -816 512 ) (1248 -816 400 ) 
4 14 18 (1248 -608 512 ) (1248 -608 272 ) (1248 -816 272 ) (1248 -816 512 ) 
4 15 52 (1264 -1040 400 ) (1264 -1040 512 ) (1248 -1040 512 ) (1248 -1040 400 ) 
4 15 16 (1248 -880 400 ) (1248 -816 400 ) (1264 -816 400 ) (1264 -880 400 ) 
4 15 18 (1248 -1040 400 ) (1248 -1040 512 ) (1248 -816 512 ) (1248 -816 400 ) 
4 16 18 (1248 -880 400 ) (1248 -816 400 ) (1248 -816 368 ) (1248 -880 368 ) 
4 17 21 (1248 -880 272 ) (1248 -816 272 ) (1264 -816 272 ) (1264 -880 272 ) 
4 17 18 (1248 -816 272 ) (1248 -880 272 ) (1248 -880 304 ) (1248 -816 304 ) 
4 18 56 (704 -1040 304 ) (704 -1040 272 ) (736 -1040 272 ) (736 -1040 304 ) 
4 18 55 (736 -1040 272 ) (1248 -1040 272 ) (1248 -1040 304 ) (736 -1040 304 ) 
4 18 54 (1248 -1040 512 ) (704 -1040 512 ) (704 -1040 304 ) (1248 -1040 304 ) 
7 18 27 (704 -640 272 ) (704 -1040 272 ) (704 -1040 368 ) (704 -688 368 ) (704 -672 364 ) (704 -656 352 ) (704 -640 320 ) 
4 18 24 (704 -1040 512 ) (704 -608 512 ) (704 -608 384 ) (704 -1040 384 ) 
4 18 22 (736 -1040 272 ) (704 -1040 272 ) (704 -640 272 ) (736 -640 272 ) 
4 18 21 (1248 -1040 272 ) (736 -1040 272 ) (736 -640 272 ) (1248 -640 272 ) 
4 18 19 (704 -640 272 ) (704 -608 272 ) (1248 -608 272 ) (1248 -640 272 ) 
4 19 22 (736 -640 272 ) (704 -640 272 ) (704 -640 160 ) (736 -640 160 ) 
4 19 21 (1264 -640 160 ) (1264 -640 272 ) (736 -640 272 ) (736 -640 160 ) 
4 19 20 (704 -640 160 ) (704 -624 160 ) (1264 -624 160 ) (1264 -640 160 ) 
4 20 22 (736 -640 160 ) (704 -640 160 ) (704 -640 144 ) (736 -640 144 ) 
4 20 21 (1264 -640 144 ) (1264 -640 160 ) (736 -640 160 ) (736 -640 144 ) 
4 21 55 (1264 -1040 128 ) (1264 -1040 272 ) (736 -1040 272 ) (736 -1040 128 ) 
4 21 22 (736 -640 272 ) (736 -640 128 ) (736 -1040 128 ) (736 -1040 272 ) 
4 22 56 (736 -1040 112 ) (736 -1040 272 ) (704 -1040 272 ) (704 -1040 112 ) 
4 22 27 (704 -1040 112 ) (704 -1040 272 ) (704 -640 272 ) (704 -640 112 ) 
4 22 23 (704 -1040 112 ) (704 -640 112 ) (720 -640 112 ) (720 -1040 112 ) 
4 23 57 (720 -1040 112 ) (704 -1040 112 ) (704 -1040 96 ) (720 -1040 96 ) 
4 23 27 (704 -1040 96 ) (704 -1040 112 ) (704 -640 112 ) (704 -640 96 ) 
4 24 66 (704 -1040 384 ) (704 -1040 512 ) (640 -1040 512 ) (640 -1040 384 ) 
4 24 45 (640 -1040 384 ) (640 -1040 512 ) (640 -528 512 ) (640 -528 384 ) 
4 24 25 (704 -528 384 ) (704 -576 384 ) (640 -576 384 ) (640 -528 384 ) 
4 25 45 (640 -576 384 ) (640 -528 384 ) (640 -528 256 ) (640 -576 256 ) 
4 25 26 (640 -576 256 ) (640 -528 256 ) (688 -528 256 ) (688 -576 256 ) 
4 26 47 (640 -528 240 ) (640 -528 16 ) (640 -576 16 ) (640 -576 240 ) 
4 26 46 (640 -576 256 ) (640 -528 256 ) (640 -528 240 ) (640 -576 240 ) 
4 27 67 (704 -1040 80 ) (704 -1040 368 ) (640 -1040 368 ) (640 -1040 80 ) 
4 27 47 (640 -1040 80 ) (640 -1040 240 ) (640 -640 240 ) (640 -640 80 ) 
4 27 46 (640 -1040 240 ) (640 -1040 256 ) (640 -640 256 ) (640 -640 240 ) 
7 27 45 (640 -1040 256 ) (640 -1040 368 ) (640 -688 368 ) (640 -672 364 ) (640 -656 352 ) (640 -640 320 ) (640 -640 256 ) 
4 27 28 (640 -640 80 ) (688 -640 80 ) (688 -1040 80 ) (640 -1040 80 ) 
4 28 68 (688 -1040 80 ) (640 -1040 80 ) (640 -1040 64 ) (688 -1040 64 ) 
4 28 47 (640 -1040 64 ) (640 -1040 80 ) (640 -640 80 ) (640 -640 64 ) 
4 28 30 (656 -1040 64 ) (640 -1040 64 ) (640 -640 64 ) (656 -640 64 ) 
4 28 29 (672 -1040 64 ) (656 -1040 64 ) (656 -640 64 ) (672 -640 64 ) 
4 29 69 (672 -1040 48 ) (672 -1040 64 ) (656 -1040 64 ) (656 -1040 48 ) 
4 29 30 (656 -1040 48 ) (656 -1040 64 ) (656 -640 64 ) (656 -640 48 ) 
4 30 70 (656 -1040 32 ) (656 -1040 64 ) (640 -1040 64 ) (640 -1040 32 ) 
4 30 47 (640 -1040 32 ) (640 -1040 64 ) (640 -640 64 ) (640 -640 32 ) 
4 31 44 (640 -512 512 ) (640 -512 528 ) (320 -512 528 ) (320 -512 512 ) 
4 31 33 (320 -336 512 ) (320 -512 512 ) (320 -512 528 ) (320 -336 528 ) 
4 31 32 (320 0 512 ) (320 -272 512 ) (320 -272 528 ) (320 0 528 ) 
4 32 34 (0 -272 512 ) (256 -272 512 ) (256 -272 528 ) (0 -272 528 ) 
4 33 44 (256 -512 528 ) (256 -512 512 ) (320 -512 512 ) (320 -512 528 ) 
4 33 34 (256 -336 512 ) (256 -512 512 ) (256 -512 528 ) (256 -336 528 ) 
4 34 44 (0 -512 528 ) (0 -512 512 ) (256 -512 512 ) (256 -512 528 ) 
4 35 41 (256 -272 512 ) (16 -272 512 ) (16 -272 256 ) (256 -272 256 ) 
4 35 39 (640 -272 256 ) (640 -272 512 ) (320 -272 512 ) (320 -272 256 ) 
10 36 37 (80 -80 16 ) (640 -80 16 ) (640 -80 176 ) (624 -80 208 ) (608 -80 220 ) (592 -80 224 ) (128 -80 224 ) (112 -80 220 ) (96 -80 208 ) (80 -80 176 ) 
4 37 42 (80 -272 16 ) (256 -272 16 ) (256 -272 240 ) (80 -272 240 ) 
4 37 39 (320 -272 16 ) (640 -272 16 ) (640 -272 240 ) (320 -272 240 ) 
4 37 38 (80 -80 240 ) (80 -80 16 ) (80 -256 16 ) (80 -256 240 ) 
4 39 47 (640 -512 16 ) (640 -512 240 ) (320 -512 240 ) (320 -512 16 ) 
4 39 46 (640 -512 240 ) (640 -512 256 ) (320 -512 256 ) (320 -512 240 ) 
4 39 45 (640 -512 256 ) (640 -512 512 ) (320 -512 512 ) (320 -512 256 ) 
4 39 40 (320 -336 16 ) (320 -512 16 ) (320 -512 512 ) (320 -336 512 ) 
4 40 47 (256 -512 240 ) (256 -512 16 ) (320 -512 16 ) (320 -512 240 ) 
4 40 46 (256 -512 256 ) (256 -512 240 ) (320 -512 240 ) (320 -512 256 ) 
4 40 45 (320 -512 512 ) (256 -512 512 ) (256 -512 256 ) (320 -512 256 ) 
4 40 42 (256 -336 16 ) (256 -512 16 ) (256 -512 240 ) (256 -336 240 ) 
4 40 41 (256 -512 256 ) (256 -512 512 ) (256 -336 512 ) (256 -336 256 ) 
4 41 45 (256 -512 512 ) (16 -512 512 ) (16 -512 256 ) (256 -512 256 ) 
4 42 47 (80 -512 16 ) (256 -512 16 ) (256 -512 240 ) (80 -512 240 ) 
4 42 43 (80 -320 16 ) (80 -512 16 ) (80 -512 240 ) (80 -320 240 ) 
4 44 77 (320 -1040 528 ) (0 -1040 528 ) (0 -1040 512 ) (320 -1040 512 ) 
4 44 76 (640 -1040 512 ) (640 -1040 528 ) (320 -1040 528 ) (320 -1040 512 ) 
4 45 82 (256 -1040 512 ) (16 -1040 512 ) (16 -1040 256 ) (256 -1040 256 ) 
4 45 81 (320 -1040 512 ) (256 -1040 512 ) (256 -1040 256 ) (320 -1040 256 ) 
4 45 80 (640 -1040 256 ) (640 -1040 512 ) (320 -1040 512 ) (320 -1040 256 ) 
4 45 46 (256 -512 256 ) (640 -512 256 ) (640 -1040 256 ) (256 -1040 256 ) 
4 46 81 (320 -1040 256 ) (256 -1040 256 ) (256 -1040 240 ) (320 -1040 240 ) 
4 46 80 (640 -1040 240 ) (640 -1040 256 ) (320 -1040 256 ) (320 -1040 240 ) 
4 46 47 (256 -512 240 ) (640 -512 240 ) (640 -1040 240 ) (256 -1040 240 ) 
4 47 83 (256 -1040 240 ) (80 -1040 240 ) (80 -1040 16 ) (256 -1040 16 ) 
4 47 81 (320 -1040 240 ) (256 -1040 240 ) (256 -1040 16 ) (320 -1040 16 ) 
4 47 80 (640 -1040 16 ) (640 -1040 240 ) (320 -1040 240 ) (320 -1040 16 ) 
4 47 48 (80 -576 16 ) (80 -1040 16 ) (80 -1040 240 ) (80 -576 240 ) 
4 48 84 (80 -1040 240 ) (16 -1040 240 ) (16 -1040 16 ) (80 -1040 16 ) 
4 49 76 (640 -1040 528 ) (640 -1040 512 ) (640 -1584 512 ) (640 -1584 528 ) 
4 49 50 (704 -1584 512 ) (1280 -1584 512 ) (1280 -1584 528 ) (704 -1584 528 ) 
4 50 51 (704 -1648 512 ) (704 -1920 512 ) (704 -1920 528 ) (704 -1648 528 ) 
4 51 76 (640 -1648 512 ) (640 -1920 512 ) (640 -1920 528 ) (640 -1648 528 ) 
4 52 53 (1264 -1104 368 ) (1264 -1104 512 ) (1248 -1104 512 ) (1248 -1104 368 ) 
4 52 54 (1248 -1040 512 ) (1248 -1040 368 ) (1248 -1104 368 ) (1248 -1104 512 ) 
4 53 65 (1264 -1392 304 ) (1264 -1392 512 ) (1248 -1392 512 ) (1248 -1392 304 ) 
4 53 59 (1264 -1392 304 ) (1248 -1392 304 ) (1248 -1376 304 ) (1264 -1376 304 ) 
4 53 58 (1248 -1376 304 ) (1248 -1280 304 ) (1264 -1280 304 ) (1264 -1376 304 ) 
4 53 55 (1248 -1280 304 ) (1248 -1104 304 ) (1264 -1104 304 ) (1264 -1280 304 ) 
4 53 54 (1248 -1104 304 ) (1248 -1392 304 ) (1248 -1392 512 ) (1248 -1104 512 ) 
4 54 71 (704 -1344 384 ) (704 -1344 512 ) (704 -1280 512 ) (704 -1280 384 ) 
4 54 72 (704 -1344 304 ) (704 -1392 304 ) (704 -1392 512 ) (704 -1344 512 ) 
7 54 67 (704 -1040 368 ) (704 -1040 304 ) (704 -1280 304 ) (704 -1280 320 ) (704 -1264 352 ) (704 -1248 364 ) (704 -1232 368 ) 
4 54 66 (704 -1040 512 ) (704 -1040 384 ) (704 -1280 384 ) (704 -1280 512 ) 
4 54 65 (1248 -1392 512 ) (704 -1392 512 ) (704 -1392 304 ) (1248 -1392 304 ) 
4 54 59 (1248 -1392 304 ) (704 -1392 304 ) (704 -1376 304 ) (1248 -1376 304 ) 
4 54 58 (704 -1376 304 ) (704 -1280 304 ) (1248 -1280 304 ) (1248 -1376 304 ) 
4 54 56 (704 -1280 304 ) (704 -1040 304 ) (736 -1040 304 ) (736 -1280 304 ) 
4 54 55 (736 -1040 304 ) (1248 -1040 304 ) (1248 -1280 304 ) (736 -1280 304 ) 
4 55 61 (1264 -1280 144 ) (1264 -1280 160 ) (736 -1280 160 ) (736 -1280 144 ) 
4 55 60 (1264 -1280 160 ) (1264 -1280 224 ) (736 -1280 224 ) (736 -1280 160 ) 
4 55 58 (1264 -1280 224 ) (1264 -1280 304 ) (736 -1280 304 ) (736 -1280 224 ) 
4 55 56 (736 -1040 304 ) (736 -1040 128 ) (736 -1280 128 ) (736 -1280 304 ) 
4 56 67 (704 -1040 304 ) (704 -1040 112 ) (704 -1280 112 ) (704 -1280 304 ) 
4 56 61 (704 -1280 160 ) (704 -1280 144 ) (736 -1280 144 ) (736 -1280 160 ) 
4 56 60 (704 -1280 224 ) (704 -1280 160 ) (736 -1280 160 ) (736 -1280 224 ) 
4 56 58 (736 -1280 304 ) (704 -1280 304 ) (704 -1280 224 ) (736 -1280 224 ) 
4 56 57 (720 -1280 112 ) (704 -1280 112 ) (704 -1040 112 ) (720 -1040 112 ) 
4 57 67 (704 -1040 112 ) (704 -1040 96 ) (704 -1280 96 ) (704 -1280 112 ) 
4 58 72 (704 -1376 304 ) (704 -1344 304 ) (704 -1344 256 ) (704 -1376 256 ) 
4 58 62 (704 -1360 224 ) (704 -1312 224 ) (1264 -1312 224 ) (1264 -1360 224 ) 
4 58 60 (704 -1312 224 ) (704 -1280 224 ) (1264 -1280 224 ) (1264 -1312 224 ) 
4 58 59 (1264 -1376 240 ) (1264 -1376 304 ) (704 -1376 304 ) (704 -1376 240 ) 
4 59 72 (704 -1392 256 ) (704 -1392 304 ) (704 -1376 304 ) (704 -1376 256 ) 
4 59 65 (1264 -1392 256 ) (1264 -1392 304 ) (704 -1392 304 ) (704 -1392 256 ) 
4 60 63 (1264 -1312 176 ) (1264 -1312 208 ) (704 -1312 208 ) (704 -1312 176 ) 
4 60 62 (1264 -1312 208 ) (1264 -1312 224 ) (704 -1312 224 ) (704 -1312 208 ) 
4 60 61 (704 -1296 160 ) (704 -1280 160 ) (1264 -1280 160 ) (1264 -1296 160 ) 
4 62 64 (704 -1344 208 ) (704 -1328 208 ) (1264 -1328 208 ) (1264 -1344 208 ) 
4 62 63 (704 -1328 208 ) (704 -1312 208 ) (1264 -1312 208 ) (1264 -1328 208 ) 
4 63 64 (1264 -1328 192 ) (1264 -1328 208 ) (704 -1328 208 ) (704 -1328 192 ) 
4 65 74 (704 -1904 256 ) (704 -1904 512 ) (704 -1648 512 ) (704 -1648 256 ) 
4 65 72 (704 -1584 512 ) (704 -1392 512 ) (704 -1392 256 ) (704 -1584 256 ) 
4 66 80 (640 -1040 512 ) (640 -1040 384 ) (640 -1280 384 ) (640 -1280 512 ) 
4 66 71 (640 -1280 512 ) (640 -1280 384 ) (704 -1280 384 ) (704 -1280 512 ) 
7 67 80 (640 -1040 368 ) (640 -1040 80 ) (640 -1280 80 ) (640 -1280 320 ) (640 -1264 352 ) (640 -1248 364 ) (640 -1232 368 ) 
4 67 68 (688 -1280 80 ) (640 -1280 80 ) (640 -1040 80 ) (688 -1040 80 ) 
4 68 80 (640 -1040 80 ) (640 -1040 64 ) (640 -1280 64 ) (640 -1280 80 ) 
4 68 70 (640 -1280 64 ) (640 -1040 64 ) (656 -1040 64 ) (656 -1280 64 ) 
4 68 69 (656 -1040 64 ) (672 -1040 64 ) (672 -1280 64 ) (656 -1280 64 ) 
4 69 70 (656 -1280 48 ) (656 -1280 64 ) (656 -1040 64 ) (656 -1040 48 ) 
4 70 80 (640 -1040 64 ) (640 -1040 32 ) (640 -1280 32 ) (640 -1280 64 ) 
4 71 80 (640 -1344 512 ) (640 -1280 512 ) (640 -1280 384 ) (640 -1344 384 ) 
4 71 72 (640 -1344 512 ) (640 -1344 384 ) (704 -1344 384 ) (704 -1344 512 ) 
4 72 80 (640 -1584 256 ) (640 -1584 512 ) (640 -1344 512 ) (640 -1344 256 ) 
4 72 73 (688 -1584 256 ) (640 -1584 256 ) (640 -1344 256 ) (688 -1344 256 ) 
4 73 80 (640 -1584 16 ) (640 -1584 256 ) (640 -1344 256 ) (640 -1344 16 ) 
4 74 86 (640 -1904 256 ) (640 -1904 512 ) (640 -1648 512 ) (640 -1648 256 ) 
4 75 87 (640 -1840 240 ) (640 -1648 240 ) (640 -1648 16 ) (640 -1840 16 ) 
4 76 79 (320 -1648 512 ) (320 -1920 512 ) (320 -1920 528 ) (320 -1648 528 ) 
4 76 77 (320 -1040 528 ) (320 -1040 512 ) (320 -1584 512 ) (320 -1584 528 ) 
4 77 78 (0 -1584 528 ) (0 -1584 512 ) (256 -1584 512 ) (256 -1584 528 ) 
4 78 79 (0 -1648 512 ) (256 -1648 512 ) (256 -1648 528 ) (0 -1648 528 ) 
4 80 87 (320 -1648 16 ) (640 -1648 16 ) (640 -1648 240 ) (320 -1648 240 ) 
4 80 86 (640 -1648 256 ) (640 -1648 512 ) (320 -1648 512 ) (320 -1648 256 ) 
4 80 81 (320 -1040 16 ) (320 -1584 16 ) (320 -1584 512 ) (320 -1040 512 ) 
4 81 83 (256 -1040 240 ) (256 -1040 16 ) (256 -1584 16 ) (256 -1584 240 ) 
4 81 82 (256 -1040 512 ) (256 -1040 256 ) (256 -1584 256 ) (256 -1584 512 ) 
4 82 86 (16 -1648 512 ) (16 -1648 256 ) (256 -1648 256 ) (256 -1648 512 ) 
4 83 87 (80 -1648 16 ) (256 -1648 16 ) (256 -1648 240 ) (80 -1648 240 ) 
4 83 85 (80 -1408 16 ) (80 -1600 16 ) (80 -1600 240 ) (80 -1408 240 ) 
4 83 84 (80 -1040 240 ) (80 -1040 16 ) (80 -1344 16 ) (80 -1344 240 ) 
10 87 89 (80 -1840 16 ) (640 -1840 16 ) (640 -1840 176 ) (624 -1840 208 ) (608 -1840 220 ) (592 -1840 224 ) (128 -1840 224 ) (112 -1840 220 ) (96 -1840 208 ) (80 -1840 176 ) 
4 87 88 (80 -1664 16 ) (80 -1840 16 ) (80 -1840 240 ) (80 -1664 240 ) 
